{"/home/sreerag/frontend-healthtracker/src/assets/excercise.jpeg": {"path":"/home/sreerag/frontend-healthtracker/src/assets/excercise.jpeg","statementMap":{"0":{"start":{"line":1,"column":0},"end":{"line":1,"column":19}}},"fnMap":{},"branchMap":{},"s":{"0":1},"f":{},"b":{},"_coverageSchema":"1a1c01bbd47fc00a2c39e90264f33305004495a9","hash":"3238b0052cd1bb984e7948dc3724c02b0f57bf4b"}
,"/home/sreerag/frontend-healthtracker/src/components/ActivitiesCard.vue": {"path":"/home/sreerag/frontend-healthtracker/src/components/ActivitiesCard.vue","statementMap":{"0":{"start":{"line":2,"column":0},"end":{"line":2,"column":62}},"1":{"start":{"line":3,"column":0},"end":{"line":3,"column":24}},"2":{"start":{"line":4,"column":12},"end":{"line":4,"column":26}},"3":{"start":{"line":5,"column":17},"end":{"line":5,"column":61}},"4":{"start":{"line":7,"column":4},"end":{"line":9,"column":9}},"5":{"start":{"line":11,"column":0},"end":{"line":11,"column":24}},"6":{"start":{"line":12,"column":1},"end":{"line":12,"column":48}}},"fnMap":{"0":{"name":"render","decl":{"start":{"line":6,"column":9},"end":{"line":6,"column":15}},"loc":{"start":{"line":6,"column":30},"end":{"line":10,"column":1}},"line":6}},"branchMap":{"0":{"loc":{"start":{"line":7,"column":85},"end":{"line":9,"column":6}},"type":"binary-expr","locations":[{"start":{"line":7,"column":85},"end":{"line":7,"column":94}},{"start":{"line":7,"column":99},"end":{"line":9,"column":5}}],"line":7}},"s":{"0":1,"1":1,"2":1,"3":1,"4":1,"5":1,"6":1},"f":{"0":1},"b":{"0":[1,1]},"inputSourceMap":{"0":"{","1":"\"","2":"v","3":"e","4":"r","5":"s","6":"i","7":"o","8":"n","9":"\"","10":":","11":"3","12":",","13":"\"","14":"s","15":"o","16":"u","17":"r","18":"c","19":"e","20":"s","21":"\"","22":":","23":"[","24":"]","25":",","26":"\"","27":"n","28":"a","29":"m","30":"e","31":"s","32":"\"","33":":","34":"[","35":"]","36":",","37":"\"","38":"m","39":"a","40":"p","41":"p","42":"i","43":"n","44":"g","45":"s","46":"\"","47":":","48":"\"","49":"\"","50":",","51":"\"","52":"f","53":"i","54":"l","55":"e","56":"\"","57":":","58":"\"","59":"/","60":"h","61":"o","62":"m","63":"e","64":"/","65":"s","66":"r","67":"e","68":"e","69":"r","70":"a","71":"g","72":"/","73":"f","74":"r","75":"o","76":"n","77":"t","78":"e","79":"n","80":"d","81":"-","82":"h","83":"e","84":"a","85":"l","86":"t","87":"h","88":"t","89":"r","90":"a","91":"c","92":"k","93":"e","94":"r","95":"/","96":"s","97":"r","98":"c","99":"/","100":"c","101":"o","102":"m","103":"p","104":"o","105":"n","106":"e","107":"n","108":"t","109":"s","110":"/","111":"A","112":"c","113":"t","114":"i","115":"v","116":"i","117":"t","118":"i","119":"e","120":"s","121":"C","122":"a","123":"r","124":"d","125":".","126":"v","127":"u","128":"e","129":"\"","130":"}"},"_coverageSchema":"1a1c01bbd47fc00a2c39e90264f33305004495a9","hash":"04db075c68173dd34d4e5bc502ab0ef588c1d5b1"}
,"/home/sreerag/frontend-healthtracker/src/components/Hero.vue": {"path":"/home/sreerag/frontend-healthtracker/src/components/Hero.vue","statementMap":{"0":{"start":{"line":3,"column":0},"end":{"line":5,"column":3}},"1":{"start":{"line":6,"column":12},"end":{"line":6,"column":26}},"2":{"start":{"line":7,"column":14},"end":{"line":7,"column":32}},"3":{"start":{"line":8,"column":0},"end":{"line":23,"column":3}},"4":{"start":{"line":11,"column":19},"end":{"line":11,"column":28}},"5":{"start":{"line":12,"column":4},"end":{"line":12,"column":15}},"6":{"start":{"line":13,"column":21},"end":{"line":13,"column":46}},"7":{"start":{"line":14,"column":23},"end":{"line":16,"column":5}},"8":{"start":{"line":17,"column":4},"end":{"line":20,"column":7}},"9":{"start":{"line":21,"column":4},"end":{"line":21,"column":24}},"10":{"start":{"line":25,"column":0},"end":{"line":25,"column":62}},"11":{"start":{"line":26,"column":0},"end":{"line":26,"column":24}},"12":{"start":{"line":27,"column":12},"end":{"line":27,"column":26}},"13":{"start":{"line":28,"column":17},"end":{"line":28,"column":34}},"14":{"start":{"line":29,"column":17},"end":{"line":29,"column":71}},"15":{"start":{"line":31,"column":4},"end":{"line":46,"column":8}},"16":{"start":{"line":42,"column":75},"end":{"line":42,"column":121}},"17":{"start":{"line":48,"column":0},"end":{"line":48,"column":24}},"18":{"start":{"line":49,"column":1},"end":{"line":49,"column":48}}},"fnMap":{"0":{"name":"(anonymous_0)","decl":{"start":{"line":10,"column":9},"end":{"line":10,"column":10}},"loc":{"start":{"line":10,"column":32},"end":{"line":22,"column":3}},"line":10},"1":{"name":"render","decl":{"start":{"line":30,"column":9},"end":{"line":30,"column":15}},"loc":{"start":{"line":30,"column":63},"end":{"line":47,"column":1}},"line":30},"2":{"name":"(anonymous_2)","decl":{"start":{"line":42,"column":55},"end":{"line":42,"column":56}},"loc":{"start":{"line":42,"column":73},"end":{"line":42,"column":123}},"line":42}},"branchMap":{"0":{"loc":{"start":{"line":33,"column":12},"end":{"line":36,"column":39}},"type":"binary-expr","locations":[{"start":{"line":33,"column":12},"end":{"line":33,"column":21}},{"start":{"line":33,"column":26},"end":{"line":36,"column":38}}],"line":33},"1":{"loc":{"start":{"line":38,"column":16},"end":{"line":38,"column":159}},"type":"binary-expr","locations":[{"start":{"line":38,"column":16},"end":{"line":38,"column":25}},{"start":{"line":38,"column":30},"end":{"line":38,"column":158}}],"line":38},"2":{"loc":{"start":{"line":39,"column":16},"end":{"line":39,"column":345}},"type":"binary-expr","locations":[{"start":{"line":39,"column":16},"end":{"line":39,"column":25}},{"start":{"line":39,"column":30},"end":{"line":39,"column":344}}],"line":39},"3":{"loc":{"start":{"line":42,"column":29},"end":{"line":42,"column":124}},"type":"binary-expr","locations":[{"start":{"line":42,"column":29},"end":{"line":42,"column":38}},{"start":{"line":42,"column":43},"end":{"line":42,"column":123}}],"line":42}},"s":{"0":1,"1":1,"2":1,"3":1,"4":2,"5":2,"6":2,"7":2,"8":2,"9":2,"10":1,"11":1,"12":1,"13":1,"14":1,"15":2,"16":1,"17":1,"18":1},"f":{"0":2,"1":2,"2":1},"b":{"0":[2,2],"1":[2,2],"2":[2,2],"3":[2,2]},"inputSourceMap":{"0":"{","1":"\"","2":"v","3":"e","4":"r","5":"s","6":"i","7":"o","8":"n","9":"\"","10":":","11":"3","12":",","13":"\"","14":"s","15":"o","16":"u","17":"r","18":"c","19":"e","20":"s","21":"\"","22":":","23":"[","24":"\"","25":"/","26":"h","27":"o","28":"m","29":"e","30":"/","31":"s","32":"r","33":"e","34":"e","35":"r","36":"a","37":"g","38":"/","39":"f","40":"r","41":"o","42":"n","43":"t","44":"e","45":"n","46":"d","47":"-","48":"h","49":"e","50":"a","51":"l","52":"t","53":"h","54":"t","55":"r","56":"a","57":"c","58":"k","59":"e","60":"r","61":"/","62":"s","63":"r","64":"c","65":"/","66":"c","67":"o","68":"m","69":"p","70":"o","71":"n","72":"e","73":"n","74":"t","75":"s","76":"/","77":"H","78":"e","79":"r","80":"o","81":".","82":"v","83":"u","84":"e","85":"\"","86":"]","87":",","88":"\"","89":"n","90":"a","91":"m","92":"e","93":"s","94":"\"","95":":","96":"[","97":"]","98":",","99":"\"","100":"m","101":"a","102":"p","103":"p","104":"i","105":"n","106":"g","107":"s","108":"\"","109":":","110":"\"","111":";","112":";","113":";","114":";","115":";","116":";","117":"A","118":"A","119":"E","120":"A","121":";","122":";","123":";","124":";","125":";","126":";","127":"I","128":"A","129":"E","130":"A","131":",","132":"I","133":"A","134":"A","135":"M","136":",","137":"U","138":"A","139":"A","140":"U","141":",","142":"G","143":"A","144":"A","145":"G","146":",","147":"s","148":"B","149":"A","150":"A","151":"U","152":",","153":"G","154":"A","155":"A","156":"E","157":"\"","158":",","159":"\"","160":"f","161":"i","162":"l","163":"e","164":"\"","165":":","166":"\"","167":"/","168":"h","169":"o","170":"m","171":"e","172":"/","173":"s","174":"r","175":"e","176":"e","177":"r","178":"a","179":"g","180":"/","181":"f","182":"r","183":"o","184":"n","185":"t","186":"e","187":"n","188":"d","189":"-","190":"h","191":"e","192":"a","193":"l","194":"t","195":"h","196":"t","197":"r","198":"a","199":"c","200":"k","201":"e","202":"r","203":"/","204":"s","205":"r","206":"c","207":"/","208":"c","209":"o","210":"m","211":"p","212":"o","213":"n","214":"e","215":"n","216":"t","217":"s","218":"/","219":"H","220":"e","221":"r","222":"o","223":".","224":"v","225":"u","226":"e","227":"\"","228":",","229":"\"","230":"s","231":"o","232":"u","233":"r","234":"c","235":"e","236":"s","237":"C","238":"o","239":"n","240":"t","241":"e","242":"n","243":"t","244":"\"","245":":","246":"[","247":"\"","248":"<","249":"s","250":"c","251":"r","252":"i","253":"p","254":"t","255":" ","256":"s","257":"e","258":"t","259":"u","260":"p","261":" ","262":"l","263":"a","264":"n","265":"g","266":"=","267":"\\","268":"\"","269":"t","270":"s","271":"\\","272":"\"","273":">","274":"\\","275":"n","276":"\\","277":"n","278":"i","279":"m","280":"p","281":"o","282":"r","283":"t","284":" ","285":"{","286":"M","287":"o","288":"d","289":"a","290":"l","291":"S","292":"t","293":"o","294":"r","295":"e","296":"}","297":" ","298":"f","299":"r","300":"o","301":"m","302":" ","303":"\\","304":"\"","305":"@","306":"/","307":"s","308":"t","309":"o","310":"r","311":"e","312":"\\","313":"\"","314":";","315":"\\","316":"n","317":"\\","318":"n","319":"c","320":"o","321":"n","322":"s","323":"t","324":" ","325":"m","326":"o","327":"d","328":"a","329":"l","330":"S","331":"t","332":"o","333":"r","334":"e","335":" ","336":"=","337":" ","338":"M","339":"o","340":"d","341":"a","342":"l","343":"S","344":"t","345":"o","346":"r","347":"e","348":"(","349":")","350":"\\","351":"n","352":"<","353":"/","354":"s","355":"c","356":"r","357":"i","358":"p","359":"t","360":">","361":"\\","362":"n","363":"\\","364":"n","365":"<","366":"t","367":"e","368":"m","369":"p","370":"l","371":"a","372":"t","373":"e","374":">","375":"\\","376":"n","377":" ","378":" ","379":"<","380":"d","381":"i","382":"v","383":" ","384":"c","385":"l","386":"a","387":"s","388":"s","389":"=","390":"\\","391":"\"","392":"h","393":"e","394":"r","395":"o","396":"\\","397":"\"","398":">","399":"\\","400":"n","401":" ","402":" ","403":" ","404":" ","405":"<","406":"d","407":"i","408":"v","409":" ","410":"c","411":"l","412":"a","413":"s","414":"s","415":"=","416":"\\","417":"\"","418":"h","419":"e","420":"r","421":"o","422":"-","423":"c","424":"o","425":"n","426":"t","427":"e","428":"n","429":"t","430":" ","431":"f","432":"l","433":"e","434":"x","435":"-","436":"c","437":"o","438":"l","439":" ","440":"l","441":"g","442":":","443":"f","444":"l","445":"e","446":"x","447":"-","448":"r","449":"o","450":"w","451":"-","452":"r","453":"e","454":"v","455":"e","456":"r","457":"s","458":"e","459":"\\","460":"\"","461":">","462":"\\","463":"n","464":" ","465":" ","466":" ","467":" ","468":" ","469":" ","470":"<","471":"i","472":"m","473":"g","474":"\\","475":"n","476":" ","477":" ","478":" ","479":" ","480":" ","481":" ","482":" ","483":" ","484":" ","485":" ","486":"s","487":"r","488":"c","489":"=","490":"\\","491":"\"","492":"h","493":"t","494":"t","495":"p","496":"s","497":":","498":"/","499":"/","500":"m","501":"e","502":"d","503":"i","504":"a","505":".","506":"i","507":"s","508":"t","509":"o","510":"c","511":"k","512":"p","513":"h","514":"o","515":"t","516":"o","517":".","518":"c","519":"o","520":"m","521":"/","522":"i","523":"d","524":"/","525":"2","526":"0","527":"8","528":"1","529":"7","530":"6","531":"9","532":"9","533":"9","534":"5","535":"/","536":"p","537":"h","538":"o","539":"t","540":"o","541":"/","542":"h","543":"o","544":"l","545":"d","546":"i","547":"n","548":"g","549":"-","550":"a","551":"-","552":"b","553":"o","554":"w","555":"l","556":"-","557":"o","558":"f","559":"-","560":"c","561":"h","562":"i","563":"c","564":"k","565":"e","566":"n","567":"-","568":"s","569":"a","570":"l","571":"a","572":"d","573":".","574":"j","575":"p","576":"g","577":"?","578":"s","579":"=","580":"2","581":"0","582":"4","583":"8","584":"x","585":"2","586":"0","587":"4","588":"8","589":"&","590":"w","591":"=","592":"i","593":"s","594":"&","595":"k","596":"=","597":"2","598":"0","599":"&","600":"c","601":"=","602":"D","603":"X","604":"O","605":"Z","606":"F","607":"1","608":"M","609":"j","610":"q","611":"v","612":"d","613":"g","614":"U","615":"D","616":"Q","617":"n","618":"b","619":"9","620":"g","621":"9","622":"9","623":"d","624":"0","625":"l","626":"x","627":"i","628":"H","629":"E","630":"e","631":"6","632":"G","633":"x","634":"a","635":"u","636":"5","637":"Y","638":"L","639":"c","640":"W","641":"M","642":"u","643":"t","644":"A","645":"=","646":"\\","647":"\"","648":"\\","649":"n","650":" ","651":" ","652":" ","653":" ","654":" ","655":" ","656":" ","657":" ","658":" ","659":" ","660":"c","661":"l","662":"a","663":"s","664":"s","665":"=","666":"\\","667":"\"","668":"m","669":"a","670":"x","671":"-","672":"w","673":"-","674":"s","675":"m","676":" ","677":"r","678":"o","679":"u","680":"n","681":"d","682":"e","683":"d","684":"-","685":"l","686":"g","687":" ","688":"s","689":"h","690":"a","691":"d","692":"o","693":"w","694":"-","695":"2","696":"x","697":"l","698":"\\","699":"\"","700":" ","701":"/","702":">","703":"\\","704":"n","705":" ","706":" ","707":" ","708":" ","709":" ","710":" ","711":"<","712":"d","713":"i","714":"v","715":">","716":"\\","717":"n","718":" ","719":" ","720":" ","721":" ","722":" ","723":" ","724":" ","725":" ","726":"<","727":"h","728":"1","729":" ","730":"c","731":"l","732":"a","733":"s","734":"s","735":"=","736":"\\","737":"\"","738":"t","739":"e","740":"x","741":"t","742":"-","743":"5","744":"x","745":"l","746":" ","747":"f","748":"o","749":"n","750":"t","751":"-","752":"b","753":"o","754":"l","755":"d","756":"\\","757":"\"","758":">","759":"W","760":"e","761":"l","762":"c","763":"o","764":"m","765":"e","766":" ","767":"t","768":"o","769":" ","770":"H","771":"e","772":"a","773":"l","774":"t","775":"h","776":" ","777":"T","778":"r","779":"a","780":"c","781":"k","782":"e","783":"r","784":"!","785":"<","786":"/","787":"h","788":"1","789":">","790":"\\","791":"n","792":"\\","793":"n","794":" ","795":" ","796":" ","797":" ","798":" ","799":" ","800":" ","801":" ","802":"<","803":"p","804":" ","805":"c","806":"l","807":"a","808":"s","809":"s","810":"=","811":"\\","812":"\"","813":"p","814":"y","815":"-","816":"6","817":" ","818":"t","819":"e","820":"x","821":"t","822":"-","823":"s","824":"l","825":"a","826":"t","827":"e","828":"-","829":"6","830":"0","831":"0","832":" ","833":"t","834":"e","835":"x","836":"t","837":"-","838":"2","839":"x","840":"l","841":"\\","842":"\"","843":">","844":"Y","845":"o","846":"u","847":"r","848":" ","849":"p","850":"e","851":"r","852":"s","853":"o","854":"n","855":"a","856":"l","857":" ","858":"c","859":"o","860":"m","861":"p","862":"a","863":"n","864":"i","865":"o","866":"n","867":" ","868":"f","869":"o","870":"r","871":" ","872":"a","873":" ","874":"h","875":"e","876":"a","877":"l","878":"t","879":"h","880":"i","881":"e","882":"r","883":",","884":" ","885":"m","886":"o","887":"r","888":"e","889":" ","890":"a","891":"c","892":"t","893":"i","894":"v","895":"e","896":" ","897":"l","898":"i","899":"f","900":"e","901":"s","902":"t","903":"y","904":"l","905":"e","906":".","907":" ","908":"H","909":"e","910":"a","911":"l","912":"t","913":"h","914":"T","915":"r","916":"a","917":"c","918":"k","919":"e","920":"r","921":" ","922":"i","923":"s","924":" ","925":"d","926":"e","927":"s","928":"i","929":"g","930":"n","931":"e","932":"d","933":" ","934":"t","935":"o","936":" ","937":"s","938":"i","939":"m","940":"p","941":"l","942":"i","943":"f","944":"y","945":" ","946":"t","947":"h","948":"e","949":" ","950":"w","951":"a","952":"y","953":" ","954":"y","955":"o","956":"u","957":" ","958":"m","959":"o","960":"n","961":"i","962":"t","963":"o","964":"r","965":" ","966":"y","967":"o","968":"u","969":"r","970":" ","971":"h","972":"e","973":"a","974":"l","975":"t","976":"h","977":" ","978":"a","979":"n","980":"d","981":" ","982":"f","983":"i","984":"t","985":"n","986":"e","987":"s","988":"s","989":",","990":" ","991":"e","992":"m","993":"p","994":"o","995":"w","996":"e","997":"r","998":"i","999":"n","1000":"g","1001":" ","1002":"y","1003":"o","1004":"u","1005":" ","1006":"t","1007":"o","1008":" ","1009":"a","1010":"c","1011":"h","1012":"i","1013":"e","1014":"v","1015":"e","1016":" ","1017":"y","1018":"o","1019":"u","1020":"r","1021":" ","1022":"w","1023":"e","1024":"l","1025":"l","1026":"n","1027":"e","1028":"s","1029":"s","1030":" ","1031":"g","1032":"o","1033":"a","1034":"l","1035":"s","1036":" ","1037":"w","1038":"i","1039":"t","1040":"h","1041":" ","1042":"e","1043":"a","1044":"s","1045":"e","1046":".","1047":"<","1048":"/","1049":"p","1050":">","1051":"\\","1052":"n","1053":" ","1054":" ","1055":" ","1056":" ","1057":" ","1058":" ","1059":" ","1060":" ","1061":"<","1062":"b","1063":"u","1064":"t","1065":"t","1066":"o","1067":"n","1068":" ","1069":"c","1070":"l","1071":"a","1072":"s","1073":"s","1074":"=","1075":"\\","1076":"\"","1077":"b","1078":"t","1079":"n","1080":" ","1081":"b","1082":"t","1083":"n","1084":"-","1085":"p","1086":"r","1087":"i","1088":"m","1089":"a","1090":"r","1091":"y","1092":"\\","1093":"\"","1094":" ","1095":"@","1096":"c","1097":"l","1098":"i","1099":"c","1100":"k","1101":"=","1102":"\\","1103":"\"","1104":"m","1105":"o","1106":"d","1107":"a","1108":"l","1109":"S","1110":"t","1111":"o","1112":"r","1113":"e","1114":".","1115":"t","1116":"o","1117":"g","1118":"g","1119":"l","1120":"e","1121":"L","1122":"o","1123":"g","1124":"i","1125":"n","1126":"M","1127":"o","1128":"d","1129":"a","1130":"l","1131":"(","1132":")","1133":"\\","1134":"\"","1135":">","1136":"G","1137":"e","1138":"t","1139":" ","1140":"S","1141":"t","1142":"a","1143":"r","1144":"t","1145":"e","1146":"d","1147":"<","1148":"/","1149":"b","1150":"u","1151":"t","1152":"t","1153":"o","1154":"n","1155":">","1156":"\\","1157":"n","1158":" ","1159":" ","1160":" ","1161":" ","1162":" ","1163":" ","1164":"<","1165":"/","1166":"d","1167":"i","1168":"v","1169":">","1170":"\\","1171":"n","1172":" ","1173":" ","1174":" ","1175":" ","1176":"<","1177":"/","1178":"d","1179":"i","1180":"v","1181":">","1182":"\\","1183":"n","1184":" ","1185":" ","1186":"<","1187":"/","1188":"d","1189":"i","1190":"v","1191":">","1192":"\\","1193":"n","1194":"<","1195":"/","1196":"t","1197":"e","1198":"m","1199":"p","1200":"l","1201":"a","1202":"t","1203":"e","1204":">","1205":"\\","1206":"n","1207":"\\","1208":"n","1209":"<","1210":"s","1211":"t","1212":"y","1213":"l","1214":"e","1215":" ","1216":"s","1217":"c","1218":"o","1219":"p","1220":"e","1221":"d","1222":">","1223":"\\","1224":"n","1225":"\\","1226":"n","1227":"<","1228":"/","1229":"s","1230":"t","1231":"y","1232":"l","1233":"e","1234":">","1235":"\"","1236":"]","1237":"}"},"_coverageSchema":"1a1c01bbd47fc00a2c39e90264f33305004495a9","hash":"cd667c1fc22641f2af103232bcaefc86864a7408"}
,"/home/sreerag/frontend-healthtracker/src/components/Navbar.vue": {"path":"/home/sreerag/frontend-healthtracker/src/components/Navbar.vue","statementMap":{"0":{"start":{"line":3,"column":0},"end":{"line":5,"column":3}},"1":{"start":{"line":6,"column":12},"end":{"line":6,"column":26}},"2":{"start":{"line":7,"column":14},"end":{"line":7,"column":30}},"3":{"start":{"line":8,"column":14},"end":{"line":8,"column":32}},"4":{"start":{"line":9,"column":0},"end":{"line":40,"column":3}},"5":{"start":{"line":12,"column":19},"end":{"line":12,"column":28}},"6":{"start":{"line":13,"column":4},"end":{"line":13,"column":15}},"7":{"start":{"line":14,"column":20},"end":{"line":14,"column":55}},"8":{"start":{"line":15,"column":21},"end":{"line":15,"column":46}},"9":{"start":{"line":16,"column":21},"end":{"line":16,"column":49}},"10":{"start":{"line":17,"column":22},"end":{"line":17,"column":70}},"11":{"start":{"line":18,"column":21},"end":{"line":18,"column":86}},"12":{"start":{"line":19,"column":17},"end":{"line":23,"column":5}},"13":{"start":{"line":20,"column":6},"end":{"line":20,"column":36}},"14":{"start":{"line":21,"column":6},"end":{"line":21,"column":31}},"15":{"start":{"line":22,"column":6},"end":{"line":22,"column":38}},"16":{"start":{"line":24,"column":4},"end":{"line":24,"column":28}},"17":{"start":{"line":25,"column":4},"end":{"line":25,"column":40}},"18":{"start":{"line":26,"column":23},"end":{"line":33,"column":5}},"19":{"start":{"line":34,"column":4},"end":{"line":37,"column":7}},"20":{"start":{"line":38,"column":4},"end":{"line":38,"column":24}},"21":{"start":{"line":42,"column":0},"end":{"line":42,"column":62}},"22":{"start":{"line":43,"column":0},"end":{"line":43,"column":24}},"23":{"start":{"line":44,"column":12},"end":{"line":44,"column":26}},"24":{"start":{"line":45,"column":17},"end":{"line":45,"column":99}},"25":{"start":{"line":46,"column":17},"end":{"line":46,"column":77}},"26":{"start":{"line":47,"column":17},"end":{"line":47,"column":24}},"27":{"start":{"line":48,"column":17},"end":{"line":51,"column":1}},"28":{"start":{"line":52,"column":17},"end":{"line":55,"column":1}},"29":{"start":{"line":56,"column":17},"end":{"line":56,"column":27}},"30":{"start":{"line":58,"column":4},"end":{"line":91,"column":8}},"31":{"start":{"line":86,"column":79},"end":{"line":86,"column":125}},"32":{"start":{"line":93,"column":0},"end":{"line":93,"column":24}},"33":{"start":{"line":94,"column":1},"end":{"line":94,"column":48}}},"fnMap":{"0":{"name":"(anonymous_0)","decl":{"start":{"line":11,"column":9},"end":{"line":11,"column":10}},"loc":{"start":{"line":11,"column":32},"end":{"line":39,"column":3}},"line":11},"1":{"name":"(anonymous_1)","decl":{"start":{"line":19,"column":17},"end":{"line":19,"column":18}},"loc":{"start":{"line":19,"column":29},"end":{"line":23,"column":5}},"line":19},"2":{"name":"render","decl":{"start":{"line":57,"column":9},"end":{"line":57,"column":15}},"loc":{"start":{"line":57,"column":63},"end":{"line":92,"column":1}},"line":57},"3":{"name":"(anonymous_3)","decl":{"start":{"line":86,"column":59},"end":{"line":86,"column":60}},"loc":{"start":{"line":86,"column":77},"end":{"line":86,"column":127}},"line":86}},"branchMap":{"0":{"loc":{"start":{"line":67,"column":12},"end":{"line":72,"column":33}},"type":"binary-expr","locations":[{"start":{"line":67,"column":12},"end":{"line":67,"column":21}},{"start":{"line":67,"column":26},"end":{"line":72,"column":32}}],"line":67},"1":{"loc":{"start":{"line":75,"column":12},"end":{"line":89,"column":19}},"type":"cond-expr","locations":[{"start":{"line":76,"column":19},"end":{"line":81,"column":18}},{"start":{"line":82,"column":19},"end":{"line":89,"column":18}}],"line":75},"2":{"loc":{"start":{"line":86,"column":33},"end":{"line":86,"column":128}},"type":"binary-expr","locations":[{"start":{"line":86,"column":33},"end":{"line":86,"column":42}},{"start":{"line":86,"column":47},"end":{"line":86,"column":127}}],"line":86}},"s":{"0":1,"1":1,"2":1,"3":1,"4":1,"5":2,"6":2,"7":2,"8":2,"9":2,"10":2,"11":2,"12":2,"13":0,"14":0,"15":0,"16":2,"17":2,"18":2,"19":2,"20":2,"21":1,"22":1,"23":1,"24":1,"25":1,"26":1,"27":1,"28":1,"29":1,"30":3,"31":1,"32":1,"33":1},"f":{"0":2,"1":0,"2":3,"3":1},"b":{"0":[3,2],"1":[0,3],"2":[3,2]},"inputSourceMap":{"0":"{","1":"\"","2":"v","3":"e","4":"r","5":"s","6":"i","7":"o","8":"n","9":"\"","10":":","11":"3","12":",","13":"\"","14":"s","15":"o","16":"u","17":"r","18":"c","19":"e","20":"s","21":"\"","22":":","23":"[","24":"\"","25":"/","26":"h","27":"o","28":"m","29":"e","30":"/","31":"s","32":"r","33":"e","34":"e","35":"r","36":"a","37":"g","38":"/","39":"f","40":"r","41":"o","42":"n","43":"t","44":"e","45":"n","46":"d","47":"-","48":"h","49":"e","50":"a","51":"l","52":"t","53":"h","54":"t","55":"r","56":"a","57":"c","58":"k","59":"e","60":"r","61":"/","62":"s","63":"r","64":"c","65":"/","66":"c","67":"o","68":"m","69":"p","70":"o","71":"n","72":"e","73":"n","74":"t","75":"s","76":"/","77":"N","78":"a","79":"v","80":"b","81":"a","82":"r","83":".","84":"v","85":"u","86":"e","87":"\"","88":"]","89":",","90":"\"","91":"n","92":"a","93":"m","94":"e","95":"s","96":"\"","97":":","98":"[","99":"]","100":",","101":"\"","102":"m","103":"a","104":"p","105":"p","106":"i","107":"n","108":"g","109":"s","110":"\"","111":":","112":"\"","113":";","114":";","115":";","116":";","117":";","118":";","119":"A","120":"A","121":"C","122":"A","123":";","124":"A","125":"A","126":"C","127":"A","128":";","129":";","130":";","131":";","132":";","133":";","134":"I","135":"A","136":"E","137":"A","138":",","139":"I","140":"A","141":"A","142":"M","143":",","144":"S","145":"A","146":"A","147":"S","148":",","149":"G","150":"A","151":"A","152":"I","153":",","154":"O","155":"A","156":"A","157":"O","158":",","159":"C","160":"A","161":"A","162":"C","163":",","164":"0","165":"B","166":"A","167":"A","168":"0","169":"B","170":",","171":"C","172":"A","173":"A","174":"C","175":";","176":"I","177":"A","178":"E","179":"t","180":"D","181":",","182":"I","183":"A","184":"A","185":"M","186":",","187":"U","188":"A","189":"A","190":"U","191":",","192":"G","193":"A","194":"A","195":"G","196":",","197":"s","198":"B","199":"A","200":"A","201":"U","202":",","203":"G","204":"A","205":"A","206":"E","207":";","208":"I","209":"A","210":"C","211":"/","212":"B","213":",","214":"I","215":"A","216":"A","217":"M","218":",","219":"U","220":"A","221":"A","222":"U","223":",","224":"G","225":"A","226":"A","227":"G","228":",","229":"y","230":"B","231":"A","232":"A","233":"a","234":",","235":"G","236":"A","237":"A","238":"E","239":";","240":"I","241":"A","242":"C","243":"3","244":"B","245":",","246":"e","247":"A","248":"A","249":"W","250":",","251":"G","252":"A","253":"A","254":"K","255":",","256":"u","257":"B","258":"A","259":"A","260":"W","261":",","262":"E","263":"A","264":"A","265":"C","266":",","267":"U","268":"A","269":"A","270":"U","271":",","272":"C","273":"A","274":"A","275":"C","276":",","277":"Y","278":"A","279":"A","280":"5","281":"B","282":";","283":"I","284":"A","285":"C","286":"X","287":",","288":"c","289":"A","290":"A","291":"U","292":",","293":"G","294":"A","295":"A","296":"I","297":",","298":"u","299":"B","300":"A","301":"A","302":"W","303":",","304":"E","305":"A","306":"A","307":"C","308":",","309":"y","310":"B","311":"A","312":"A","313":"a","314":",","315":"G","316":"A","317":"A","318":"E","319":",","320":"C","321":"A","322":"A","323":"C","324":",","325":"W","326":"A","327":"A","328":"h","329":"C","330":";","331":"I","332":"A","333":"E","334":"j","335":"B","336":",","337":"I","338":"A","339":"A","340":"M","341":",","342":"M","343":"A","344":"A","345":"M","346":",","347":"G","348":"A","349":"A","350":"I","351":";","352":"M","353":"A","354":"C","355":"d","356":",","357":"U","358":"A","359":"A","360":"U","361":",","362":"C","363":"A","364":"A","365":"C","366":",","367":"g","368":"B","369":"A","370":"A","371":"g","372":"B","373":",","374":"E","375":"A","376":"A","377":"E","378":";","379":"M","380":"A","381":"C","382":"7","383":"B","384":",","385":"U","386":"A","387":"A","388":"U","389":",","390":"C","391":"A","392":"A","393":"C","394":",","395":"W","396":"A","397":"A","398":"W","399":",","400":"E","401":"A","402":"A","403":"E","404":";","405":"M","406":"A","407":"C","408":"x","409":"B","410":",","411":"Y","412":"A","413":"A","414":"Y","415":",","416":"C","417":"A","418":"A","419":"C","420":",","421":"U","422":"A","423":"A","424":"U","425":",","426":"C","427":"A","428":"A","429":"C","430":",","431":"M","432":"A","433":"A","434":"M","435":",","436":"C","437":"A","438":"A","439":"C","440":";","441":"I","442":"A","443":"E","444":"j","445":"C","446":",","447":"C","448":"A","449":"A","450":"C","451":";","452":"I","453":"A","454":"C","455":"D","456":",","457":"O","458":"A","459":"A","460":"O","461":",","462":"C","463":"A","464":"A","465":"C","466":",","467":"G","468":"A","469":"A","470":"G","471":",","472":"C","473":"A","474":"A","475":"C","476":",","477":"U","478":"A","479":"A","480":"U","481":",","482":"C","483":"A","484":"A","485":"C","486":";","487":"I","488":"A","489":"C","490":"v","491":"B","492":",","493":"O","494":"A","495":"A","496":"O","497":",","498":"C","499":"A","500":"A","501":"C","502":",","503":"G","504":"A","505":"A","506":"G","507":",","508":"C","509":"A","510":"A","511":"C","512":",","513":"U","514":"A","515":"A","516":"U","517":",","518":"C","519":"A","520":"A","521":"C","522":",","523":"W","524":"A","525":"A","526":"W","527":",","528":"C","529":"A","530":"A","531":"C","532":"\"","533":",","534":"\"","535":"f","536":"i","537":"l","538":"e","539":"\"","540":":","541":"\"","542":"/","543":"h","544":"o","545":"m","546":"e","547":"/","548":"s","549":"r","550":"e","551":"e","552":"r","553":"a","554":"g","555":"/","556":"f","557":"r","558":"o","559":"n","560":"t","561":"e","562":"n","563":"d","564":"-","565":"h","566":"e","567":"a","568":"l","569":"t","570":"h","571":"t","572":"r","573":"a","574":"c","575":"k","576":"e","577":"r","578":"/","579":"s","580":"r","581":"c","582":"/","583":"c","584":"o","585":"m","586":"p","587":"o","588":"n","589":"e","590":"n","591":"t","592":"s","593":"/","594":"N","595":"a","596":"v","597":"b","598":"a","599":"r","600":".","601":"v","602":"u","603":"e","604":"\"","605":",","606":"\"","607":"s","608":"o","609":"u","610":"r","611":"c","612":"e","613":"s","614":"C","615":"o","616":"n","617":"t","618":"e","619":"n","620":"t","621":"\"","622":":","623":"[","624":"\"","625":"<","626":"s","627":"c","628":"r","629":"i","630":"p","631":"t","632":" ","633":"s","634":"e","635":"t","636":"u","637":"p","638":" ","639":"l","640":"a","641":"n","642":"g","643":"=","644":"\\","645":"\"","646":"t","647":"s","648":"\\","649":"\"","650":">","651":"\\","652":"n","653":"i","654":"m","655":"p","656":"o","657":"r","658":"t","659":" ","660":"{","661":"s","662":"t","663":"o","664":"r","665":"e","666":"T","667":"o","668":"R","669":"e","670":"f","671":"s","672":"}","673":" ","674":"f","675":"r","676":"o","677":"m","678":" ","679":"\\","680":"\"","681":"p","682":"i","683":"n","684":"i","685":"a","686":"\\","687":"\"","688":";","689":"\\","690":"n","691":"i","692":"m","693":"p","694":"o","695":"r","696":"t","697":" ","698":"{","699":"M","700":"o","701":"d","702":"a","703":"l","704":"S","705":"t","706":"o","707":"r","708":"e","709":",","710":" ","711":"u","712":"s","713":"e","714":"L","715":"o","716":"g","717":"i","718":"n","719":"S","720":"t","721":"o","722":"r","723":"e","724":"}","725":" ","726":"f","727":"r","728":"o","729":"m","730":" ","731":"\\","732":"\"","733":"@","734":"/","735":"s","736":"t","737":"o","738":"r","739":"e","740":"\\","741":"\"","742":";","743":"\\","744":"n","745":"\\","746":"n","747":"c","748":"o","749":"n","750":"s","751":"t","752":" ","753":"l","754":"o","755":"g","756":"o","757":"I","758":"m","759":"a","760":"g","761":"e","762":" ","763":"=","764":" ","765":" ","766":"r","767":"e","768":"q","769":"u","770":"i","771":"r","772":"e","773":"(","774":"\\","775":"\"","776":".","777":".","778":"/","779":"a","780":"s","781":"s","782":"e","783":"t","784":"s","785":"/","786":"e","787":"x","788":"c","789":"e","790":"r","791":"c","792":"i","793":"s","794":"e","795":".","796":"j","797":"p","798":"e","799":"g","800":"\\","801":"\"","802":")","803":"\\","804":"n","805":"\\","806":"n","807":"c","808":"o","809":"n","810":"s","811":"t","812":" ","813":"m","814":"o","815":"d","816":"a","817":"l","818":"S","819":"t","820":"o","821":"r","822":"e","823":" ","824":"=","825":" ","826":"M","827":"o","828":"d","829":"a","830":"l","831":"S","832":"t","833":"o","834":"r","835":"e","836":"(","837":")","838":"\\","839":"n","840":"c","841":"o","842":"n","843":"s","844":"t","845":" ","846":"l","847":"o","848":"g","849":"i","850":"n","851":"S","852":"t","853":"o","854":"r","855":"e","856":" ","857":"=","858":" ","859":"u","860":"s","861":"e","862":"L","863":"o","864":"g","865":"i","866":"n","867":"S","868":"t","869":"o","870":"r","871":"e","872":"(","873":")","874":"\\","875":"n","876":"c","877":"o","878":"n","879":"s","880":"t","881":" ","882":"{","883":"i","884":"s","885":"M","886":"o","887":"d","888":"a","889":"l","890":"O","891":"p","892":"e","893":"n","894":"}","895":" ","896":" ","897":"=","898":" ","899":"s","900":"t","901":"o","902":"r","903":"e","904":"T","905":"o","906":"R","907":"e","908":"f","909":"s","910":"(","911":"m","912":"o","913":"d","914":"a","915":"l","916":"S","917":"t","918":"o","919":"r","920":"e","921":")","922":"\\","923":"n","924":"c","925":"o","926":"n","927":"s","928":"t","929":" ","930":"{","931":"i","932":"s","933":"L","934":"o","935":"g","936":"g","937":"e","938":"d","939":"I","940":"n","941":"}","942":" ","943":"=","944":" ","945":"s","946":"t","947":"o","948":"r","949":"e","950":"T","951":"o","952":"R","953":"e","954":"f","955":"s","956":"(","957":"u","958":"s","959":"e","960":"L","961":"o","962":"g","963":"i","964":"n","965":"S","966":"t","967":"o","968":"r","969":"e","970":"(","971":")","972":")","973":"\\","974":"n","975":"\\","976":"n","977":"c","978":"o","979":"n","980":"s","981":"t","982":" ","983":"l","984":"o","985":"g","986":"o","987":"u","988":"t","989":" ","990":" ","991":"=","992":" ","993":"(","994":")","995":" ","996":"=","997":">","998":"{","999":"\\","1000":"n","1001":" ","1002":" ","1003":"m","1004":"o","1005":"d","1006":"a","1007":"l","1008":"S","1009":"t","1010":"o","1011":"r","1012":"e","1013":".","1014":"t","1015":"o","1016":"g","1017":"g","1018":"l","1019":"e","1020":"L","1021":"o","1022":"g","1023":"i","1024":"n","1025":"M","1026":"o","1027":"d","1028":"a","1029":"l","1030":"(","1031":")","1032":"\\","1033":"n","1034":" ","1035":" ","1036":"l","1037":"o","1038":"g","1039":"i","1040":"n","1041":"S","1042":"t","1043":"o","1044":"r","1045":"e","1046":".","1047":"t","1048":"o","1049":"g","1050":"g","1051":"l","1052":"e","1053":"L","1054":"o","1055":"g","1056":"i","1057":"n","1058":"(","1059":")","1060":"\\","1061":"n","1062":" ","1063":" ","1064":"l","1065":"o","1066":"c","1067":"a","1068":"l","1069":"S","1070":"t","1071":"o","1072":"r","1073":"a","1074":"g","1075":"e","1076":".","1077":"r","1078":"e","1079":"m","1080":"o","1081":"v","1082":"e","1083":"I","1084":"t","1085":"e","1086":"m","1087":"(","1088":"\\","1089":"\"","1090":"u","1091":"s","1092":"e","1093":"r","1094":"\\","1095":"\"","1096":")","1097":"\\","1098":"n","1099":"\\","1100":"n","1101":"}","1102":"\\","1103":"n","1104":"c","1105":"o","1106":"n","1107":"s","1108":"o","1109":"l","1110":"e","1111":".","1112":"l","1113":"o","1114":"g","1115":"(","1116":"i","1117":"s","1118":"L","1119":"o","1120":"g","1121":"g","1122":"e","1123":"d","1124":"I","1125":"n","1126":")","1127":"\\","1128":"n","1129":"c","1130":"o","1131":"n","1132":"s","1133":"o","1134":"l","1135":"e","1136":".","1137":"l","1138":"o","1139":"g","1140":"(","1141":"m","1142":"o","1143":"d","1144":"a","1145":"l","1146":"S","1147":"t","1148":"o","1149":"r","1150":"e","1151":".","1152":"i","1153":"s","1154":"M","1155":"o","1156":"d","1157":"a","1158":"l","1159":"O","1160":"p","1161":"e","1162":"n","1163":")","1164":"\\","1165":"n","1166":"<","1167":"/","1168":"s","1169":"c","1170":"r","1171":"i","1172":"p","1173":"t","1174":">","1175":"\\","1176":"n","1177":"\\","1178":"n","1179":"<","1180":"t","1181":"e","1182":"m","1183":"p","1184":"l","1185":"a","1186":"t","1187":"e","1188":">","1189":"\\","1190":"n","1191":"\\","1192":"n","1193":" ","1194":" ","1195":"<","1196":"d","1197":"i","1198":"v","1199":" ","1200":"c","1201":"l","1202":"a","1203":"s","1204":"s","1205":"=","1206":"\\","1207":"\"","1208":"n","1209":"a","1210":"v","1211":"b","1212":"a","1213":"r","1214":" ","1215":"b","1216":"g","1217":"-","1218":"z","1219":"i","1220":"n","1221":"c","1222":"-","1223":"1","1224":"0","1225":"0","1226":" ","1227":"t","1228":"e","1229":"x","1230":"t","1231":"-","1232":"p","1233":"r","1234":"i","1235":"m","1236":"a","1237":"r","1238":"y","1239":"-","1240":"c","1241":"o","1242":"n","1243":"t","1244":"e","1245":"n","1246":"t","1247":" ","1248":"f","1249":"l","1250":"e","1251":"x","1252":" ","1253":"f","1254":"l","1255":"e","1256":"x","1257":"-","1258":"r","1259":"o","1260":"w","1261":" ","1262":"j","1263":"u","1264":"s","1265":"t","1266":"i","1267":"f","1268":"y","1269":"-","1270":"b","1271":"e","1272":"t","1273":"w","1274":"e","1275":"e","1276":"n","1277":"\\","1278":"\"","1279":">","1280":"\\","1281":"n","1282":" ","1283":" ","1284":" ","1285":" ","1286":"<","1287":"d","1288":"i","1289":"v","1290":" ","1291":"c","1292":"l","1293":"a","1294":"s","1295":"s","1296":"=","1297":"\\","1298":"\"","1299":"f","1300":"l","1301":"e","1302":"x","1303":" ","1304":"f","1305":"l","1306":"e","1307":"x","1308":"-","1309":"r","1310":"o","1311":"w","1312":" ","1313":"i","1314":"t","1315":"e","1316":"m","1317":"s","1318":"-","1319":"c","1320":"e","1321":"n","1322":"t","1323":"e","1324":"r","1325":" ","1326":"j","1327":"u","1328":"s","1329":"t","1330":"i","1331":"f","1332":"y","1333":"-","1334":"c","1335":"e","1336":"n","1337":"t","1338":"e","1339":"r","1340":" ","1341":"m","1342":"l","1343":"-","1344":"1","1345":"0","1346":"\\","1347":"\"","1348":">","1349":"\\","1350":"n","1351":" ","1352":" ","1353":" ","1354":" ","1355":" ","1356":" ","1357":"<","1358":"i","1359":"m","1360":"g","1361":" ","1362":":","1363":"s","1364":"r","1365":"c","1366":"=","1367":"\\","1368":"\"","1369":"l","1370":"o","1371":"g","1372":"o","1373":"I","1374":"m","1375":"a","1376":"g","1377":"e","1378":"\\","1379":"\"","1380":" ","1381":"a","1382":"l","1383":"t","1384":"=","1385":"\\","1386":"\"","1387":"L","1388":"o","1389":"g","1390":"o","1391":"\\","1392":"\"","1393":" ","1394":"w","1395":"i","1396":"d","1397":"t","1398":"h","1399":"=","1400":"\\","1401":"\"","1402":"6","1403":"0","1404":"\\","1405":"\"","1406":" ","1407":"h","1408":"e","1409":"i","1410":"g","1411":"h","1412":"t","1413":"=","1414":"\\","1415":"\"","1416":"4","1417":"0","1418":"\\","1419":"\"","1420":" ","1421":"c","1422":"l","1423":"a","1424":"s","1425":"s","1426":"=","1427":"\\","1428":"\"","1429":"d","1430":"-","1431":"i","1432":"n","1433":"l","1434":"i","1435":"n","1436":"e","1437":"-","1438":"b","1439":"l","1440":"o","1441":"c","1442":"k","1443":" ","1444":"a","1445":"l","1446":"i","1447":"g","1448":"n","1449":"-","1450":"t","1451":"e","1452":"x","1453":"t","1454":"-","1455":"t","1456":"o","1457":"p","1458":" ","1459":"r","1460":"o","1461":"u","1462":"n","1463":"d","1464":"e","1465":"d","1466":"-","1467":"f","1468":"u","1469":"l","1470":"l","1471":" ","1472":"o","1473":"b","1474":"j","1475":"e","1476":"c","1477":"t","1478":"-","1479":"f","1480":"i","1481":"t","1482":"-","1483":"c","1484":"o","1485":"n","1486":"t","1487":"a","1488":"i","1489":"n","1490":"\\","1491":"\"","1492":">","1493":"\\","1494":"n","1495":" ","1496":" ","1497":" ","1498":" ","1499":" ","1500":" ","1501":"<","1502":"h","1503":"3","1504":" ","1505":"c","1506":"l","1507":"a","1508":"s","1509":"s","1510":"=","1511":"\\","1512":"\"","1513":"t","1514":"e","1515":"x","1516":"t","1517":"-","1518":"3","1519":"x","1520":"l","1521":"\\","1522":"\"","1523":">","1524":"<","1525":"a","1526":" ","1527":"h","1528":"r","1529":"e","1530":"f","1531":"=","1532":"\\","1533":"\"","1534":"/","1535":"\\","1536":"\"","1537":" ","1538":"c","1539":"l","1540":"a","1541":"s","1542":"s","1543":"=","1544":"\\","1545":"\"","1546":"n","1547":"o","1548":"-","1549":"u","1550":"n","1551":"d","1552":"e","1553":"r","1554":"l","1555":"i","1556":"n","1557":"e","1558":"\\","1559":"\"","1560":">","1561":"H","1562":"e","1563":"a","1564":"l","1565":"t","1566":"h","1567":"T","1568":"r","1569":"a","1570":"c","1571":"k","1572":"e","1573":"r","1574":"<","1575":"/","1576":"a","1577":">","1578":"<","1579":"/","1580":"h","1581":"3","1582":">","1583":"\\","1584":"n","1585":" ","1586":" ","1587":" ","1588":" ","1589":" ","1590":" ","1591":"<","1592":"/","1593":"d","1594":"i","1595":"v","1596":">","1597":"\\","1598":"n","1599":" ","1600":" ","1601":" ","1602":" ","1603":"<","1604":"d","1605":"i","1606":"v","1607":">","1608":"\\","1609":"n","1610":" ","1611":" ","1612":" ","1613":" ","1614":" ","1615":" ","1616":"<","1617":"d","1618":"i","1619":"v","1620":" ","1621":"v","1622":"-","1623":"i","1624":"f","1625":"=","1626":"\\","1627":"\"","1628":"i","1629":"s","1630":"L","1631":"o","1632":"g","1633":"g","1634":"e","1635":"d","1636":"I","1637":"n","1638":"\\","1639":"\"","1640":" ","1641":" ","1642":"c","1643":"l","1644":"a","1645":"s","1646":"s","1647":"=","1648":"\\","1649":"\"","1650":"d","1651":"-","1652":"f","1653":"l","1654":"e","1655":"x","1656":" ","1657":"f","1658":"l","1659":"e","1660":"x","1661":"-","1662":"r","1663":"o","1664":"w","1665":" ","1666":"j","1667":"u","1668":"s","1669":"t","1670":"i","1671":"f","1672":"y","1673":"-","1674":"c","1675":"o","1676":"n","1677":"t","1678":"e","1679":"n","1680":"t","1681":"-","1682":"b","1683":"e","1684":"t","1685":"w","1686":"e","1687":"e","1688":"n","1689":" ","1690":"h","1691":"i","1692":"d","1693":"d","1694":"e","1695":"n","1696":" ","1697":"m","1698":"d","1699":":","1700":"b","1701":"l","1702":"o","1703":"c","1704":"k","1705":"\\","1706":"\"","1707":">","1708":"\\","1709":"n","1710":" ","1711":" ","1712":" ","1713":" ","1714":" ","1715":" ","1716":" ","1717":" ","1718":"<","1719":"b","1720":"u","1721":"t","1722":"t","1723":"o","1724":"n","1725":" ","1726":"c","1727":"l","1728":"a","1729":"s","1730":"s","1731":"=","1732":"\\","1733":"\"","1734":"b","1735":"t","1736":"n","1737":" ","1738":"b","1739":"t","1740":"n","1741":"-","1742":"p","1743":"r","1744":"i","1745":"m","1746":"a","1747":"r","1748":"y","1749":" ","1750":"m","1751":"r","1752":"-","1753":"1","1754":"0","1755":"\\","1756":"\"","1757":" ","1758":"@","1759":"c","1760":"l","1761":"i","1762":"c","1763":"k","1764":"=","1765":"\\","1766":"\"","1767":"l","1768":"o","1769":"g","1770":"o","1771":"u","1772":"t","1773":"\\","1774":"\"","1775":" ","1776":" ","1777":">","1778":"L","1779":"o","1780":"g","1781":"o","1782":"u","1783":"t","1784":"<","1785":"/","1786":"b","1787":"u","1788":"t","1789":"t","1790":"o","1791":"n","1792":">","1793":"\\","1794":"n","1795":" ","1796":" ","1797":" ","1798":" ","1799":" ","1800":" ","1801":"<","1802":"/","1803":"d","1804":"i","1805":"v","1806":">","1807":"\\","1808":"n","1809":" ","1810":" ","1811":" ","1812":" ","1813":" ","1814":" ","1815":"<","1816":"d","1817":"i","1818":"v","1819":" ","1820":"v","1821":"-","1822":"e","1823":"l","1824":"s","1825":"e","1826":" ","1827":"c","1828":"l","1829":"a","1830":"s","1831":"s","1832":"=","1833":"\\","1834":"\"","1835":"h","1836":"i","1837":"d","1838":"d","1839":"e","1840":"n","1841":" ","1842":"m","1843":"d","1844":":","1845":"b","1846":"l","1847":"o","1848":"c","1849":"k","1850":"\\","1851":"\"","1852":">","1853":"\\","1854":"n","1855":" ","1856":" ","1857":" ","1858":" ","1859":" ","1860":" ","1861":" ","1862":" ","1863":"<","1864":"b","1865":"u","1866":"t","1867":"t","1868":"o","1869":"n","1870":" ","1871":"c","1872":"l","1873":"a","1874":"s","1875":"s","1876":"=","1877":"\\","1878":"\"","1879":"b","1880":"t","1881":"n","1882":" ","1883":"b","1884":"t","1885":"n","1886":"-","1887":"a","1888":"c","1889":"t","1890":"i","1891":"v","1892":"e","1893":" ","1894":"b","1895":"t","1896":"n","1897":"-","1898":"p","1899":"r","1900":"i","1901":"m","1902":"a","1903":"r","1904":"y","1905":" ","1906":"m","1907":"r","1908":"-","1909":"1","1910":"0","1911":" ","1912":" ","1913":"\\","1914":"\"","1915":" ","1916":"t","1917":"y","1918":"p","1919":"e","1920":"=","1921":"\\","1922":"\"","1923":"s","1924":"u","1925":"b","1926":"m","1927":"i","1928":"t","1929":"\\","1930":"\"","1931":" ","1932":"@","1933":"c","1934":"l","1935":"i","1936":"c","1937":"k","1938":"=","1939":"\\","1940":"\"","1941":"m","1942":"o","1943":"d","1944":"a","1945":"l","1946":"S","1947":"t","1948":"o","1949":"r","1950":"e","1951":".","1952":"t","1953":"o","1954":"g","1955":"g","1956":"l","1957":"e","1958":"L","1959":"o","1960":"g","1961":"i","1962":"n","1963":"M","1964":"o","1965":"d","1966":"a","1967":"l","1968":"(","1969":")","1970":"\\","1971":"\"","1972":" ","1973":" ","1974":":","1975":"h","1976":"i","1977":"d","1978":"d","1979":"e","1980":"n","1981":"=","1982":"\\","1983":"\"","1984":"i","1985":"s","1986":"M","1987":"o","1988":"d","1989":"a","1990":"l","1991":"O","1992":"p","1993":"e","1994":"n","1995":"\\","1996":"\"","1997":">","1998":"L","1999":"o","2000":"g","2001":"i","2002":"n","2003":"<","2004":"/","2005":"b","2006":"u","2007":"t","2008":"t","2009":"o","2010":"n","2011":">","2012":"\\","2013":"n","2014":" ","2015":" ","2016":" ","2017":" ","2018":" ","2019":" ","2020":"<","2021":"/","2022":"d","2023":"i","2024":"v","2025":">","2026":"\\","2027":"n","2028":" ","2029":" ","2030":" ","2031":" ","2032":"<","2033":"/","2034":"d","2035":"i","2036":"v","2037":">","2038":"\\","2039":"n","2040":" ","2041":" ","2042":"<","2043":"/","2044":"d","2045":"i","2046":"v","2047":">","2048":"\\","2049":"n","2050":"<","2051":"/","2052":"t","2053":"e","2054":"m","2055":"p","2056":"l","2057":"a","2058":"t","2059":"e","2060":">","2061":"\\","2062":"n","2063":"\\","2064":"n","2065":"<","2066":"s","2067":"t","2068":"y","2069":"l","2070":"e","2071":" ","2072":"s","2073":"c","2074":"o","2075":"p","2076":"e","2077":"d","2078":">","2079":"\\","2080":"n","2081":"\\","2082":"n","2083":"h","2084":"3","2085":"{","2086":"\\","2087":"n","2088":"\\","2089":"n","2090":" ","2091":" ","2092":"c","2093":"o","2094":"l","2095":"o","2096":"r","2097":":","2098":" ","2099":"f","2100":"i","2101":"r","2102":"e","2103":"b","2104":"r","2105":"i","2106":"c","2107":"k","2108":";","2109":"\\","2110":"n","2111":" ","2112":" ","2113":"f","2114":"o","2115":"n","2116":"t","2117":"-","2118":"o","2119":"p","2120":"t","2121":"i","2122":"c","2123":"a","2124":"l","2125":"-","2126":"s","2127":"i","2128":"z","2129":"i","2130":"n","2131":"g","2132":":","2133":" ","2134":"a","2135":"u","2136":"t","2137":"o","2138":";","2139":"\\","2140":"n","2141":" ","2142":" ","2143":"f","2144":"o","2145":"n","2146":"t","2147":"-","2148":"w","2149":"e","2150":"i","2151":"g","2152":"h","2153":"t","2154":":","2155":" ","2156":"4","2157":"0","2158":"0","2159":";","2160":"\\","2161":"n","2162":" ","2163":" ","2164":"f","2165":"o","2166":"n","2167":"t","2168":"-","2169":"s","2170":"t","2171":"y","2172":"l","2173":"e","2174":":","2175":" ","2176":"n","2177":"o","2178":"r","2179":"m","2180":"a","2181":"l","2182":";","2183":"\\","2184":"n","2185":" ","2186":" ","2187":"f","2188":"o","2189":"n","2190":"t","2191":"-","2192":"v","2193":"a","2194":"r","2195":"i","2196":"a","2197":"t","2198":"i","2199":"o","2200":"n","2201":"-","2202":"s","2203":"e","2204":"t","2205":"t","2206":"i","2207":"n","2208":"g","2209":"s","2210":":","2211":"\\","2212":"n","2213":" ","2214":" ","2215":" ","2216":" ","2217":" ","2218":" ","2219":"\\","2220":"\"","2221":"M","2222":"O","2223":"R","2224":"F","2225":"\\","2226":"\"","2227":" ","2228":"0","2229":";","2230":"\\","2231":"n","2232":"}","2233":"\\","2234":"n","2235":"<","2236":"/","2237":"s","2238":"t","2239":"y","2240":"l","2241":"e","2242":">","2243":"\"","2244":"]","2245":"}"},"_coverageSchema":"1a1c01bbd47fc00a2c39e90264f33305004495a9","hash":"85fe3fe924e2bb4ef6cc29fcd8a6149077b3431f"}
,"/home/sreerag/frontend-healthtracker/src/store/index.ts": {"path":"/home/sreerag/frontend-healthtracker/src/store/index.ts","statementMap":{"0":{"start":{"line":1,"column":0},"end":{"line":1,"column":null}},"1":{"start":{"line":2,"column":0},"end":{"line":2,"column":null}},"2":{"start":{"line":5,"column":14},"end":{"line":24,"column":null}},"3":{"start":{"line":8,"column":12},"end":{"line":8,"column":112}},"4":{"start":{"line":12,"column":15},"end":{"line":12,"column":null}},"5":{"start":{"line":17,"column":16},"end":{"line":17,"column":null}},"6":{"start":{"line":20,"column":16},"end":{"line":20,"column":null}},"7":{"start":{"line":26,"column":14},"end":{"line":36,"column":null}},"8":{"start":{"line":28,"column":8},"end":{"line":28,"column":null}},"9":{"start":{"line":32,"column":12},"end":{"line":32,"column":null}}},"fnMap":{"0":{"name":"(anonymous_0)","decl":{"start":{"line":7,"column":16},"end":{"line":7,"column":null}},"loc":{"start":{"line":8,"column":12},"end":{"line":8,"column":112}}},"1":{"name":"(anonymous_1)","decl":{"start":{"line":11,"column":22},"end":{"line":11,"column":27}},"loc":{"start":{"line":11,"column":31},"end":{"line":13,"column":null}}},"2":{"name":"(anonymous_2)","decl":{"start":{"line":16,"column":12},"end":{"line":16,"column":23}},"loc":{"start":{"line":16,"column":23},"end":{"line":18,"column":13}}},"3":{"name":"(anonymous_3)","decl":{"start":{"line":19,"column":12},"end":{"line":19,"column":19}},"loc":{"start":{"line":19,"column":19},"end":{"line":21,"column":null}}},"4":{"name":"(anonymous_4)","decl":{"start":{"line":27,"column":12},"end":{"line":27,"column":17}},"loc":{"start":{"line":27,"column":17},"end":{"line":29,"column":5}}},"5":{"name":"(anonymous_5)","decl":{"start":{"line":31,"column":8},"end":{"line":31,"column":24}},"loc":{"start":{"line":31,"column":24},"end":{"line":33,"column":null}}}},"branchMap":{"0":{"loc":{"start":{"line":8,"column":28},"end":{"line":8,"column":67}},"type":"cond-expr","locations":[{"start":{"line":8,"column":55},"end":{"line":8,"column":59}},{"start":{"line":8,"column":62},"end":{"line":8,"column":67}}]},"1":{"loc":{"start":{"line":8,"column":77},"end":{"line":8,"column":110}},"type":"binary-expr","locations":[{"start":{"line":8,"column":77},"end":{"line":8,"column":102}},{"start":{"line":8,"column":106},"end":{"line":8,"column":110}}]}},"s":{"0":3,"1":3,"2":3,"3":7,"4":4,"5":1,"6":0,"7":3,"8":5,"9":3},"f":{"0":7,"1":4,"2":1,"3":0,"4":5,"5":3},"b":{"0":[4,3],"1":[7,3]}}
,"/home/sreerag/frontend-healthtracker/src/utils/utils.ts": {"path":"/home/sreerag/frontend-healthtracker/src/utils/utils.ts","statementMap":{"0":{"start":{"line":2,"column":40},"end":{"line":8,"column":1}},"1":{"start":{"line":4,"column":17},"end":{"line":4,"column":45}},"2":{"start":{"line":5,"column":4},"end":{"line":5,"column":null}},"3":{"start":{"line":5,"column":13},"end":{"line":5,"column":null}},"4":{"start":{"line":6,"column":4},"end":{"line":6,"column":null}},"5":{"start":{"line":2,"column":14},"end":{"line":2,"column":40}},"6":{"start":{"line":11,"column":39},"end":{"line":14,"column":1}},"7":{"start":{"line":13,"column":4},"end":{"line":13,"column":null}},"8":{"start":{"line":11,"column":14},"end":{"line":11,"column":39}}},"fnMap":{"0":{"name":"(anonymous_0)","decl":{"start":{"line":2,"column":40},"end":{"line":2,"column":59}},"loc":{"start":{"line":2,"column":59},"end":{"line":8,"column":1}}},"1":{"name":"(anonymous_1)","decl":{"start":{"line":11,"column":39},"end":{"line":11,"column":50}},"loc":{"start":{"line":11,"column":54},"end":{"line":14,"column":1}}}},"branchMap":{"0":{"loc":{"start":{"line":5,"column":4},"end":{"line":5,"column":null}},"type":"if","locations":[{"start":{"line":5,"column":4},"end":{"line":5,"column":null}}]}},"s":{"0":2,"1":4,"2":4,"3":0,"4":4,"5":2,"6":2,"7":0,"8":2},"f":{"0":4,"1":0},"b":{"0":[0]}}
,"/home/sreerag/frontend-healthtracker/tests/unit/Fixtures.ts": {"path":"/home/sreerag/frontend-healthtracker/tests/unit/Fixtures.ts","statementMap":{"0":{"start":{"line":1,"column":13},"end":{"line":7,"column":null}},"1":{"start":{"line":10,"column":13},"end":{"line":17,"column":null}}},"fnMap":{},"branchMap":{},"s":{"0":1,"1":1},"f":{},"b":{}}
}
