{"/home/sreerag/frontend-healthtracker/src/store/index.ts": {"path":"/home/sreerag/frontend-healthtracker/src/store/index.ts","statementMap":{"0":{"start":{"line":1,"column":0},"end":{"line":1,"column":null}},"1":{"start":{"line":2,"column":0},"end":{"line":2,"column":null}},"2":{"start":{"line":5,"column":14},"end":{"line":24,"column":null}},"3":{"start":{"line":8,"column":12},"end":{"line":8,"column":112}},"4":{"start":{"line":12,"column":15},"end":{"line":12,"column":null}},"5":{"start":{"line":17,"column":16},"end":{"line":17,"column":null}},"6":{"start":{"line":20,"column":16},"end":{"line":20,"column":null}},"7":{"start":{"line":26,"column":14},"end":{"line":36,"column":null}},"8":{"start":{"line":28,"column":8},"end":{"line":28,"column":null}},"9":{"start":{"line":32,"column":12},"end":{"line":32,"column":null}}},"fnMap":{"0":{"name":"(anonymous_0)","decl":{"start":{"line":7,"column":16},"end":{"line":7,"column":null}},"loc":{"start":{"line":8,"column":12},"end":{"line":8,"column":112}}},"1":{"name":"(anonymous_1)","decl":{"start":{"line":11,"column":22},"end":{"line":11,"column":27}},"loc":{"start":{"line":11,"column":31},"end":{"line":13,"column":null}}},"2":{"name":"(anonymous_2)","decl":{"start":{"line":16,"column":12},"end":{"line":16,"column":23}},"loc":{"start":{"line":16,"column":23},"end":{"line":18,"column":13}}},"3":{"name":"(anonymous_3)","decl":{"start":{"line":19,"column":12},"end":{"line":19,"column":19}},"loc":{"start":{"line":19,"column":19},"end":{"line":21,"column":null}}},"4":{"name":"(anonymous_4)","decl":{"start":{"line":27,"column":12},"end":{"line":27,"column":17}},"loc":{"start":{"line":27,"column":17},"end":{"line":29,"column":5}}},"5":{"name":"(anonymous_5)","decl":{"start":{"line":31,"column":8},"end":{"line":31,"column":24}},"loc":{"start":{"line":31,"column":24},"end":{"line":33,"column":null}}}},"branchMap":{"0":{"loc":{"start":{"line":8,"column":28},"end":{"line":8,"column":67}},"type":"cond-expr","locations":[{"start":{"line":8,"column":55},"end":{"line":8,"column":59}},{"start":{"line":8,"column":62},"end":{"line":8,"column":67}}]},"1":{"loc":{"start":{"line":8,"column":77},"end":{"line":8,"column":110}},"type":"binary-expr","locations":[{"start":{"line":8,"column":77},"end":{"line":8,"column":102}},{"start":{"line":8,"column":106},"end":{"line":8,"column":110}}]}},"s":{"0":1,"1":1,"2":1,"3":5,"4":2,"5":1,"6":0,"7":1,"8":1,"9":1},"f":{"0":5,"1":2,"2":1,"3":0,"4":1,"5":1},"b":{"0":[4,1],"1":[5,1]}}
,"/home/sreerag/frontend-healthtracker/tests/unit/Fixtures.ts": {"path":"/home/sreerag/frontend-healthtracker/tests/unit/Fixtures.ts","statementMap":{"0":{"start":{"line":1,"column":13},"end":{"line":7,"column":null}},"1":{"start":{"line":10,"column":13},"end":{"line":17,"column":null}}},"fnMap":{},"branchMap":{},"s":{"0":1,"1":1},"f":{},"b":{}}
}
