TN:
SF:src/assets/excercise.jpeg
FNF:0
FNH:0
DA:1,1
LF:1
LH:1
BRF:0
BRH:0
end_of_record
TN:
SF:src/components/ActivitiesCard.vue
FN:6,render
FNF:1
FNH:1
FNDA:1,render
DA:2,1
DA:3,1
DA:4,1
DA:5,1
DA:7,1
DA:11,1
DA:12,1
LF:7
LH:7
BRDA:7,0,0,1
BRDA:7,0,1,1
BRF:2
BRH:2
end_of_record
TN:
SF:src/components/Hero.vue
FN:10,(anonymous_0)
FN:30,render
FN:42,(anonymous_2)
FNF:3
FNH:3
FNDA:2,(anonymous_0)
FNDA:2,render
FNDA:1,(anonymous_2)
DA:3,1
DA:6,1
DA:7,1
DA:8,1
DA:11,2
DA:12,2
DA:13,2
DA:14,2
DA:17,2
DA:21,2
DA:25,1
DA:26,1
DA:27,1
DA:28,1
DA:29,1
DA:31,2
DA:42,1
DA:48,1
DA:49,1
LF:19
LH:19
BRDA:33,0,0,2
BRDA:33,0,1,2
BRDA:38,1,0,2
BRDA:38,1,1,2
BRDA:39,2,0,2
BRDA:39,2,1,2
BRDA:42,3,0,2
BRDA:42,3,1,2
BRF:8
BRH:8
end_of_record
TN:
SF:src/components/Navbar.vue
FN:11,(anonymous_0)
FN:19,(anonymous_1)
FN:57,render
FN:86,(anonymous_3)
FNF:4
FNH:3
FNDA:2,(anonymous_0)
FNDA:0,(anonymous_1)
FNDA:3,render
FNDA:1,(anonymous_3)
DA:3,1
DA:6,1
DA:7,1
DA:8,1
DA:9,1
DA:12,2
DA:13,2
DA:14,2
DA:15,2
DA:16,2
DA:17,2
DA:18,2
DA:19,2
DA:20,0
DA:21,0
DA:22,0
DA:24,2
DA:25,2
DA:26,2
DA:34,2
DA:38,2
DA:42,1
DA:43,1
DA:44,1
DA:45,1
DA:46,1
DA:47,1
DA:48,1
DA:52,1
DA:56,1
DA:58,3
DA:86,1
DA:93,1
DA:94,1
LF:34
LH:31
BRDA:67,0,0,3
BRDA:67,0,1,2
BRDA:75,1,0,0
BRDA:75,1,1,3
BRDA:86,2,0,3
BRDA:86,2,1,2
BRF:6
BRH:5
end_of_record
TN:
SF:src/store/index.ts
FN:7,(anonymous_0)
FN:11,(anonymous_1)
FN:16,(anonymous_2)
FN:19,(anonymous_3)
FN:27,(anonymous_4)
FN:31,(anonymous_5)
FNF:6
FNH:5
FNDA:7,(anonymous_0)
FNDA:4,(anonymous_1)
FNDA:1,(anonymous_2)
FNDA:0,(anonymous_3)
FNDA:5,(anonymous_4)
FNDA:3,(anonymous_5)
DA:1,3
DA:2,3
DA:5,3
DA:8,7
DA:12,4
DA:17,1
DA:20,0
DA:26,3
DA:28,5
DA:32,3
LF:10
LH:9
BRDA:8,0,0,4
BRDA:8,0,1,3
BRDA:8,1,0,7
BRDA:8,1,1,3
BRF:4
BRH:4
end_of_record
TN:
SF:src/utils/utils.ts
FN:2,(anonymous_0)
FN:11,(anonymous_1)
FNF:2
FNH:1
FNDA:4,(anonymous_0)
FNDA:0,(anonymous_1)
DA:2,2
DA:4,4
DA:5,4
DA:6,4
DA:11,2
DA:13,0
LF:6
LH:5
BRDA:5,0,0,0
BRF:1
BRH:0
end_of_record
TN:
SF:tests/unit/Fixtures.ts
FNF:0
FNH:0
DA:1,1
DA:10,1
LF:2
LH:2
BRF:0
BRH:0
end_of_record
